<?xml version="1.0" encoding="UTF-8"?>
<testsuite name="com.example.game.GameApplicationTests" tests="2" skipped="0" failures="0" errors="0" timestamp="2024-07-06T14:34:10" hostname="Mac-Ulysses" time="0.925">
  <properties/>
  <testcase name="myTest()" classname="com.example.game.GameApplicationTests" time="0.921"/>
  <testcase name="contextLoads()" classname="com.example.game.GameApplicationTests" time="0.002"/>
  <system-out><![CDATA[23:34:09.482 [Test worker] INFO org.springframework.test.context.support.AnnotationConfigContextLoaderUtils -- Could not detect default configuration classes for test class [com.example.game.GameApplicationTests]: GameApplicationTests does not declare any static, non-private, non-final, nested classes annotated with @Configuration.
23:34:09.638 [Test worker] INFO org.springframework.boot.test.context.SpringBootTestContextBootstrapper -- Found @SpringBootConfiguration com.example.game.GameApplication for test class com.example.game.GameApplicationTests

  .   ____          _            __ _ _
 /\\ / ___'_ __ _ _(_)_ __  __ _ \ \ \ \
( ( )\___ | '_ | '_| | '_ \/ _` | \ \ \ \
 \\/  ___)| |_)| | | | | || (_| |  ) ) ) )
  '  |____| .__|_| |_|_| |_\__, | / / / /
 =========|_|==============|___/=/_/_/_/

 :: Spring Boot ::                (v3.3.1)

2024-07-06T23:34:10.046+09:00  INFO 31370 --- [game] [    Test worker] com.example.game.GameApplicationTests    : Starting GameApplicationTests using Java 22.0.1 with PID 31370 (started by kanematsu in /Users/kanematsu/Desktop/UoL-Software-Design-and-Programming-CSM100-2024-APR-coursework)
2024-07-06T23:34:10.047+09:00  INFO 31370 --- [game] [    Test worker] com.example.game.GameApplicationTests    : No active profile set, falling back to 1 default profile: "default"
2024-07-06T23:34:10.485+09:00  INFO 31370 --- [game] [    Test worker] com.example.game.GameApplicationTests    : Started GameApplicationTests in 0.691 seconds (process running for 2.078)
##########################
## Welcome to the game! ##
##########################
Available maps:
0: risk.map
1: uk.map
2: eurasien.map
3: ameroki.map
4: tube.map
5: world.map
Enter the number of the map you want to play: 
##########################
## An error occurred... ##
##########################
null
]]></system-out>
  <system-err><![CDATA[WARNING: A Java agent has been loaded dynamically (/Users/kanematsu/.gradle/caches/modules-2/files-2.1/net.bytebuddy/byte-buddy-agent/1.14.17/e3c251a39dc90badaf71c83427ba46840f219d8d/byte-buddy-agent-1.14.17.jar)
WARNING: If a serviceability tool is in use, please run with -XX:+EnableDynamicAgentLoading to hide this warning
WARNING: If a serviceability tool is not in use, please run with -Djdk.instrument.traceUsage for more information
WARNING: Dynamic loading of agents will be disallowed by default in a future release
]]></system-err>
</testsuite>
